info: 2025-04-28T06:08:07.993Z - Login attempt by user: root
info: 2025-04-28T06:08:59.455Z - Login attempt by user: ramya
info: 2025-04-28T06:43:50.801Z - Login attempt by user: sammi
info: 2025-04-28T09:53:32.895Z - Login attempt by user: samhitha
info: 2025-04-28T10:10:00.950Z - Login attempt by user: sreelatha
info: 2025-04-28T11:09:03.549Z - Login attempt by user: manikanta
info: 2025-04-28T11:33:29.405Z - Login attempt by user: manikanta
info: 2025-04-28T12:31:19.466Z - Login attempt by user: dhanasekhar
info: 2025-04-28T13:02:38.899Z - Login attempt by user: eshwar
info: 2025-04-29T07:00:24.394Z - Login attempt by user: madhu
info: 2025-04-29T07:04:06.047Z - Login attempt by user: buddu
info: 2025-04-29T07:05:37.527Z - Login attempt by user: samhi
info: 2025-04-29T07:08:19.313Z - Login attempt by user: prabahs
info: 2025-04-29T07:14:34.694Z - Login attempt by user: fail
info: 2025-04-29T07:24:49.341Z - Login attempt by user: aaaa
info: 2025-04-29T07:42:22.118Z - Login attempt by user: sammi
info: 2025-04-29T07:45:38.532Z - Login attempt by user: lat
info: 2025-04-29T07:48:33.674Z - Login attempt by user: sudhana
info: 2025-04-29T07:54:52.785Z - Login attempt by user: sree
info: 2025-04-29T07:55:48.015Z - Login attempt by user: sammi
info: 2025-04-29T08:57:39.349Z - Login attempt by user: root
info: 2025-04-29T08:57:39.503Z - Login attempt by user: root
info: 2025-04-29T10:56:16.407Z - Login attempt by user: music
info: 2025-04-29T11:05:07.198Z - Login attempt by user: buddu17
info: 2025-04-29T11:08:27.484Z - Login attempt by user: one
info: 2025-04-29T11:12:43.089Z - Login attempt by user: buddu17
info: 2025-04-29T11:12:46.789Z - Login attempt by user: yalk
info: 2025-04-29T11:22:47.702Z - Login attempt by user: jyo
info: 2025-04-29T11:27:46.291Z - Login attempt by user: make
info: 2025-04-29T11:30:57.162Z - Login attempt by user: in
info: 2025-04-29T11:51:14.286Z - Login attempt by user: kukku
info: 2025-04-29T11:51:14.482Z - Login attempt by user: kukku
info: 2025-04-29T11:53:53.014Z - Login attempt by user: rat
info: 2025-04-29T13:39:23.325Z - Login attempt by user: sammi12
info: 2025-04-29T13:43:50.393Z - Login attempt by user: better
info: 2025-04-30T10:14:15.130Z - Login attempt by user: task
info: 2025-04-30T10:21:20.510Z - Login attempt by user: update12
info: 2025-04-30T10:24:39.944Z - Login attempt by user: here
info: 2025-04-30T10:32:16.240Z - Login attempt by user: employee1
info: 2025-04-30T10:49:30.980Z - Login attempt by user: ramya adepu
info: 2025-04-30T11:20:35.548Z - Login attempt by user: talents17
info: 2025-04-30T12:07:34.518Z - Login attempt by user: chinthala
info: 2025-04-30T12:30:31.756Z - Login attempt by user: sammi
info: 2025-04-30T12:33:22.856Z - Login attempt by user: niveditha
info: 2025-05-04T11:21:25.681Z - Login attempt by user: salma
info: 2025-05-04T11:57:19.928Z - Login attempt by user: nithin
info: 2025-05-04T11:57:19.928Z - Login attempt by user: nithindhanasekhar
info: 2025-05-04T11:21:25.681Z - Login attempt by user: salmaakka
info: 2025-05-04T11:57:19.928Z - Login attempt by user: dhanasekharam
info: 2025-04-30T12:30:31.756Z - Login attempt by user: sammibuddu
info: 2025-04-30T12:30:31.756Z - Login attempt by user: sammibuddumadhu
info: 2025-05-05T06:15:54.542Z - Login attempt by user: dhanasekhar
info: 2025-05-13T05:16:47.527Z - Login attempt by user: waterbottle
info: 2025-05-13T05:23:18.196Z - Login attempt by user: veda

info: 2025-05-13T10:33:52.668Z - Login attempt by user: sammi2002
info: 2025-05-13T10:45:04.803Z - Login attempt by user: uesr2002
info: 2025-05-14T09:33:57.245Z - Login attempt by user: partly
info: 2025-05-14T09:40:24.049Z - Login attempt by user: admin
info: 2025-05-14T10:06:36.421Z - Login attempt by user: root14
info: 2025-05-14T10:16:21.691Z - Login attempt by user: login14
info: 2025-05-14T10:32:05.315Z - Login attempt by user: login12
info: 2025-05-14T10:40:26.325Z - Login attempt by user: 12234
info: 2025-05-14T11:21:52.526Z - Login attempt by user: samhitha
